src/components/layout/panel-system/PanelGrid.tsx(8,1): error TS6133: 'React' is declared but its value is never read.
src/components/workout/TimerDisplay.tsx(22,1): error TS6133: 'TimeSpan' is declared but its value is never read.
src/core/models/CodeStatement.ts(4,37): error TS6133: 'selectBestTier' is declared but its value is never read.
src/editor/ExerciseIndexManager.ts(99,7): error TS2322: Type 'import("X:/wod-wiki/src/core/types/providers").ExercisePathIndex' is not assignable to type 'import("X:/wod-wiki/src/tools/ExercisePathIndexer").ExercisePathIndex'.
  Types of property 'groups' are incompatible.
    Type 'import("X:/wod-wiki/src/core/types/providers").ExercisePathGroup[]' is not assignable to type 'import("X:/wod-wiki/src/tools/ExercisePathIndexer").ExercisePathGroup[]'.
      Type 'ExercisePathGroup' is missing the following properties from type 'ExercisePathGroup': variations, searchTerms, variationCount
src/editor/ExerciseIndexManager.ts(102,24): error TS2345: Argument of type 'import("X:/wod-wiki/src/core/types/providers").ExercisePathIndex' is not assignable to parameter of type 'import("X:/wod-wiki/src/tools/ExercisePathIndexer").ExercisePathIndex'.
  Types of property 'groups' are incompatible.
    Type 'import("X:/wod-wiki/src/core/types/providers").ExercisePathGroup[]' is not assignable to type 'import("X:/wod-wiki/src/tools/ExercisePathIndexer").ExercisePathGroup[]'.
      Type 'ExercisePathGroup' is missing the following properties from type 'ExercisePathGroup': variations, searchTerms, variationCount
src/editor/inline-cards/rule-generators/WodBlockRuleGenerator.ts(369,9): error TS2769: No overload matches this call.
  The last overload gave the following error.
    Object literal may only specify known properties, and 'activeStatementIds' does not exist in type 'Attributes & WodScriptVisualizerProps'.
src/hooks/useCastManager.ts(34,36): error TS2345: Argument of type '(target: CastTarget) => void' is not assignable to parameter of type 'Listener'.
  Types of parameters 'target' and 'args' are incompatible.
    Type 'unknown' is not assignable to type 'CastTarget'.
src/hooks/useWakeLock.ts(54,11): error TS2430: Interface 'NavigatorWithWakeLock' incorrectly extends interface 'Navigator'.
  Types of property 'wakeLock' are incompatible.
    Type 'WakeLockType | undefined' is not assignable to type 'WakeLock'.
      Type 'undefined' is not assignable to type 'WakeLock'.
src/markdown-editor/utils/monacoLoader.ts(8,26): error TS2307: Cannot find module 'monaco-editor/esm/vs/editor/editor.worker?worker' or its corresponding type declarations.
src/markdown-editor/utils/monacoLoader.ts(9,24): error TS2307: Cannot find module 'monaco-editor/esm/vs/language/json/json.worker?worker' or its corresponding type declarations.
src/markdown-editor/utils/monacoLoader.ts(10,23): error TS2307: Cannot find module 'monaco-editor/esm/vs/language/css/css.worker?worker' or its corresponding type declarations.
src/markdown-editor/utils/monacoLoader.ts(11,24): error TS2307: Cannot find module 'monaco-editor/esm/vs/language/html/html.worker?worker' or its corresponding type declarations.
src/markdown-editor/utils/monacoLoader.ts(12,22): error TS2307: Cannot find module 'monaco-editor/esm/vs/language/typescript/ts.worker?worker' or its corresponding type declarations.
src/markdown-editor/widgets/ReactMonacoWidget.ts(34,47): error TS2769: No overload matches this call.
  The last overload gave the following error.
    Argument of type 'ComponentType<P>' is not assignable to parameter of type 'string | FunctionComponent<{}> | ComponentClass<{}, any>'.
      Type 'ComponentClass<P, any>' is not assignable to type 'string | FunctionComponent<{}> | ComponentClass<{}, any>'.
        Type 'ComponentClass<P, any>' is not assignable to type 'ComponentClass<{}, any>'.
          Types of property 'getDerivedStateFromProps' are incompatible.
            Type 'GetDerivedStateFromProps<P, any> | undefined' is not assignable to type 'GetDerivedStateFromProps<{}, any> | undefined'.
              Type 'GetDerivedStateFromProps<P, any>' is not assignable to type 'GetDerivedStateFromProps<{}, any>'.
                Types of parameters 'nextProps' and 'nextProps' are incompatible.
                  Type 'Readonly<{}>' is not assignable to type 'Readonly<P>'.
src/parser/fragment-origin.test.ts(22,9): error TS2353: Object literal may only specify known properties, and 'raw' does not exist in type 'CodeMetadata'.
src/parser/md-timer.ts(41,37): error TS2345: Argument of type 'unknown' is not assignable to parameter of type 'ICodeStatement[]'.
src/runtime-test-bench/adapters/RuntimeAdapter.ts(50,9): error TS2353: Object literal may only specify known properties, and 'performanceMetrics' does not exist in type '{ stepCount: number; elapsedTime: number; lastEvent?: string | undefined; lastEventTime?: number | undefined; benchmarkMetrics?: BenchmarkMetrics | undefined; }'.
src/runtime-test-bench/hooks/useRuntimeTestBench.ts(3,1): error TS6133: 'ScriptRuntime' is declared but its value is never read.
src/runtime-test-bench/selectors/runtime-selectors.test.ts(41,9): error TS2322: Type 'string' is not assignable to type 'BlockKey'.
src/runtime-test-bench/selectors/runtime-selectors.test.ts(65,11): error TS2322: Type 'string' is not assignable to type 'BlockKey'.
src/runtime-test-bench/selectors/runtime-selectors.test.ts(66,11): error TS2322: Type 'string' is not assignable to type 'BlockKey'.
src/runtime-test-bench/selectors/runtime-selectors.test.ts(67,11): error TS2322: Type 'string' is not assignable to type 'BlockKey'.
src/runtime-test-bench/selectors/runtime-selectors.test.ts(80,11): error TS2322: Type 'string' is not assignable to type 'BlockKey'.
src/runtime-test-bench/selectors/runtime-selectors.test.ts(81,11): error TS2322: Type 'string' is not assignable to type 'BlockKey'.
src/runtime-test-bench/selectors/runtime-selectors.test.ts(82,11): error TS2322: Type 'string' is not assignable to type 'BlockKey'.
src/runtime-test-bench/selectors/runtime-selectors.test.ts(99,30): error TS2322: Type 'undefined' is not assignable to type 'string'.
src/runtime-test-bench/selectors/runtime-selectors.test.ts(100,31): error TS2322: Type 'undefined' is not assignable to type 'string'.
src/runtime-test-bench/selectors/runtime-selectors.test.ts(101,32): error TS2322: Type 'undefined' is not assignable to type 'string'.
src/runtime-test-bench/selectors/runtime-selectors.test.ts(106,11): error TS2322: Type 'string' is not assignable to type 'BlockKey'.
src/runtime-test-bench/selectors/runtime-selectors.test.ts(128,13): error TS2741: Property 'subscriptions' is missing in type '{ id: string; ownerId: string; type: string; value: () => number; visibility: "public"; }' but required in type 'IMemoryReference'.
src/runtime-test-bench/selectors/runtime-selectors.test.ts(165,15): error TS2741: Property 'subscriptions' is missing in type '{ id: string; ownerId: string; type: string; value: () => any; visibility: "public"; }' but required in type 'IMemoryReference'.
src/runtime-test-bench/selectors/runtime-selectors.test.ts(194,15): error TS2741: Property 'subscriptions' is missing in type '{ id: string; ownerId: string; type: string; value: () => number; visibility: "public"; }' but required in type 'IMemoryReference'.
src/runtime-test-bench/selectors/runtime-selectors.test.ts(205,37): error TS2769: No overload matches this call.
  Overload 1 of 2, '(expected: MemoryType): void', gave the following error.
    Argument of type 'string' is not assignable to parameter of type 'MemoryType'.
  Overload 2 of 2, '(expected: MemoryType): void', gave the following error.
    Argument of type 'string' is not assignable to parameter of type 'MemoryType'.
src/runtime-test-bench/selectors/runtime-selectors.test.ts(211,13): error TS2741: Property 'subscriptions' is missing in type '{ id: string; ownerId: string; type: string; value: () => undefined; visibility: "public"; }' but required in type 'IMemoryReference'.
src/runtime-test-bench/selectors/runtime-selectors.test.ts(235,9): error TS2322: Type 'string' is not assignable to type 'BlockKey'.
src/runtime-test-bench/selectors/runtime-selectors.test.ts(247,11): error TS2322: Type 'string' is not assignable to type 'BlockKey'.
src/runtime-test-bench/selectors/runtime-selectors.test.ts(248,11): error TS2322: Type 'string' is not assignable to type 'BlockKey'.
src/runtime-test-bench/selectors/runtime-selectors.test.ts(290,15): error TS2352: Conversion of type '{ key: string; blockType: string; sourceIds: never[]; context: { references: IMemoryReference[]; }; }[]' to type 'readonly IRuntimeBlock[]' may be a mistake because neither type sufficiently overlaps with the other. If this was intentional, convert the expression to 'unknown' first.
  Type '{ key: string; blockType: string; sourceIds: never[]; context: { references: IMemoryReference[]; }; }' is missing the following properties from type 'IRuntimeBlock': label, mount, next, unmount, and 8 more.
src/runtime/__tests__/BehaviorContext.test.ts(230,38): error TS2769: No overload matches this call.
  Overload 1 of 2, '(expected: TimerState | undefined): void', gave the following error.
    Object literal may only specify known properties, and 'elapsed' does not exist in type 'TimerState'.
  Overload 2 of 2, '(expected: NoInfer<TimerState | undefined>): void', gave the following error.
    Object literal may only specify known properties, and 'elapsed' does not exist in type 'TimerState'.
src/runtime/__tests__/JitCompiler.test.ts(4,1): error TS6133: 'CrossFitDialect' is declared but its value is never read.
src/runtime/__tests__/JitCompiler.test.ts(5,1): error TS6133: 'ICodeStatement' is declared but its value is never read.
src/runtime/__tests__/JitCompiler.test.ts(6,1): error TS6133: 'FragmentType' is declared but its value is never read.
src/runtime/__tests__/JitCompiler.test.ts(8,1): error TS6133: 'IRuntimeBlockStrategy' is declared but its value is never read.
src/runtime/__tests__/JitCompiler.test.ts(13,9): error TS6133: 'mockRuntime' is declared but its value is never read.
src/runtime/__tests__/JitCompiler.test.ts(26,9): error TS6133: 'mockBlock' is declared but its value is never read.
src/runtime/__tests__/LifecycleTimestamps.test.ts(10,24): error TS6133: 'createMockClock' is declared but its value is never read.
src/runtime/__tests__/NextAction.test.ts(65,20): error TS2769: No overload matches this call.
  Overload 2 of 2, '(expected: NoInfer<IRuntimeAction[]>): void', gave the following error.
    Property 'type' is missing in type '{ do: jest.Mock<(...args: any[]) => any>; }' but required in type 'IRuntimeAction'.
  Overload 2 of 2, '(expected: NoInfer<IRuntimeAction[]>): void', gave the following error.
    Property 'type' is missing in type '{ do: jest.Mock<(...args: any[]) => any>; }' but required in type 'IRuntimeAction'.
src/runtime/__tests__/NextAction.test.ts(74,29): error TS2769: No overload matches this call.
  Overload 1 of 2, '(expected: IRuntimeAction[]): void', gave the following error.
    Property 'type' is missing in type '{ do: jest.Mock<(...args: any[]) => any>; }' but required in type 'IRuntimeAction'.
  Overload 2 of 2, '(expected: NoInfer<IRuntimeAction[]>): void', gave the following error.
    Property 'type' is missing in type '{ do: jest.Mock<(...args: any[]) => any>; }' but required in type 'IRuntimeAction'.
src/runtime/__tests__/NextAction.test.ts(78,23): error TS2540: Cannot assign to 'current' because it is a read-only property.
src/runtime/__tests__/NextAction.test.ts(83,23): error TS2540: Cannot assign to 'current' because it is a read-only property.
src/runtime/__tests__/NextAction.test.ts(88,27): error TS2741: Property 'timestamp' is missing in type '{ error: Error; source: string; }' but required in type 'RuntimeError'.
src/runtime/__tests__/NextAction.test.ts(104,12): error TS18048: 'mockRuntime.errors' is possibly 'undefined'.
src/runtime/__tests__/NextAction.test.ts(105,12): error TS18048: 'mockRuntime.errors' is possibly 'undefined'.
src/runtime/__tests__/NextAction.test.ts(106,12): error TS18048: 'mockRuntime.errors' is possibly 'undefined'.
src/runtime/__tests__/NextAction.test.ts(124,29): error TS2769: No overload matches this call.
  Overload 1 of 2, '(expected: IRuntimeAction[]): void', gave the following error.
    Property 'type' is missing in type '{ do: jest.Mock<(...args: any[]) => any>; }' but required in type 'IRuntimeAction'.
  Overload 2 of 2, '(expected: NoInfer<IRuntimeAction[]>): void', gave the following error.
    Property 'type' is missing in type '{ do: jest.Mock<(...args: any[]) => any>; }' but required in type 'IRuntimeAction'.
src/runtime/__tests__/OutputStatementEmission.test.ts(102,20): error TS2554: Expected 2-3 arguments, but got 1.
src/runtime/__tests__/OutputStatementEmission.test.ts(107,9): error TS2353: Object literal may only specify known properties, and 'memory' does not exist in type 'ScriptRuntimeDependencies'.
src/runtime/__tests__/RuntimeBlockMemory.test.ts(1,32): error TS6133: 'vi' is declared but its value is never read.
src/runtime/__tests__/RuntimeStackLifecycle.test.ts(17,3): error TS2322: Type 'Mock<() => number>' is not assignable to type '(runtime: IScriptRuntime) => void | IRuntimeAction[]'.
  Type 'number' is not assignable to type 'void | IRuntimeAction[]'.
src/runtime/__tests__/RuntimeStackLifecycle.test.ts(38,3): error TS2739: Type '{ key: BlockKey; sourceIds: number[]; blockType: string; label: string; context: any; mount: Mock<(...args: any[]) => any>; next: Mock<() => IRuntimeAction[]>; ... 4 more ...; markComplete: Mock<...>; }' is missing the following properties from type 'IRuntimeBlock': hasMemory, getMemory, getMemoryTypes, setMemoryValue
src/runtime/actions/stack/CompileAndPushBlockAction.ts(31,55): error TS2345: Argument of type 'ICodeStatement[]' is not assignable to parameter of type 'CodeStatement[]'.
  Type 'ICodeStatement' is missing the following properties from type 'CodeStatement': hasFragment, getDisplayFragments, getFragment, getAllFragmentsByType, rawFragments
src/runtime/behaviors/__tests__/integration/edge-cases.test.ts(56,19): error TS6133: 'ctx' is declared but its value is never read.
src/runtime/behaviors/__tests__/integration/edge-cases.test.ts(246,19): error TS6133: 'ctx' is declared but its value is never read.
src/runtime/behaviors/__tests__/integration/edge-cases.test.ts(314,19): error TS6133: 'ctx' is declared but its value is never read.
src/runtime/behaviors/__tests__/integration/emom-pattern.test.ts(15,5): error TS6133: 'findEvents' is declared but its value is never read.
src/runtime/behaviors/__tests__/integration/test-helpers.ts(8,10): error TS6133: 'vi' is declared but its value is never read.
src/runtime/behaviors/__tests__/integration/test-helpers.ts(12,61): error TS6133: 'DisplayState' is declared but its value is never read.
src/runtime/behaviors/__tests__/integration/test-helpers.ts(97,12): error TS2352: Conversion of type '{ block: IRuntimeBlock; clock: MockClock; stackLevel: number; subscribe(eventType: string, handler: (event: unknown, ctx: IBehaviorContext) => unknown[]): void; ... 4 more ...; setMemory<T extends MemoryType>(type: T, value: MemoryTypeMap[T]): void; }' to type 'IBehaviorContext' may be a mistake because neither type sufficiently overlaps with the other. If this was intentional, convert the expression to 'unknown' first.
  Types of property 'clock' are incompatible.
    Type 'MockClock' is missing the following properties from type 'IRuntimeClock': elapsed, isRunning, spans, start, stop
src/runtime/behaviors/__tests__/integration/timer-block.test.ts(17,5): error TS6133: 'findEvents' is declared but its value is never read.
src/runtime/behaviors/__tests__/integration/timer-block.test.ts(21,5): error TS6133: 'createIntegrationContext' is declared but its value is never read.
src/runtime/behaviors/__tests__/integration/timer-block.test.ts(33,1): error TS6133: 'IBehaviorContext' is declared but its value is never read.
src/runtime/behaviors/ChildLoopBehavior.ts(29,25): error TS6138: Property 'config' is declared but its value is never read.
src/runtime/behaviors/test-helpers.ts(9,10): error TS6133: 'vi' is declared but its value is never read.
src/runtime/behaviors/test-helpers.ts(97,12): error TS2352: Conversion of type '{ block: IRuntimeBlock; clock: MockClock; stackLevel: number; subscribe(eventType: string, handler: (event: unknown, ctx: IBehaviorContext) => unknown[]): void; ... 4 more ...; setMemory<T extends MemoryType>(type: T, value: MemoryTypeMap[T]): void; }' to type 'IBehaviorContext' may be a mistake because neither type sufficiently overlaps with the other. If this was intentional, convert the expression to 'unknown' first.
  Types of property 'clock' are incompatible.
    Type 'MockClock' is missing the following properties from type 'IRuntimeClock': elapsed, isRunning, spans, start, stop
src/runtime/behaviors/test-helpers.ts(247,21): error TS1362: 'TimeSpan' cannot be used as a value because it was exported using 'export type'.
src/runtime/blocks/EffortBlock.ts(95,7): error TS2554: Expected 1-7 arguments, but got 8.
src/runtime/compiler/__tests__/JitComposition.test.ts(57,27): error TS2511: Cannot create an instance of an abstract class.
src/runtime/compiler/__tests__/JitComposition.test.ts(63,31): error TS2511: Cannot create an instance of an abstract class.
src/runtime/compiler/__tests__/JitComposition.test.ts(94,27): error TS2511: Cannot create an instance of an abstract class.
src/runtime/compiler/__tests__/JitComposition.test.ts(123,27): error TS2511: Cannot create an instance of an abstract class.
src/runtime/compiler/RuntimeBuilder.ts(2,1): error TS6133: 'RuntimeMemory' is declared but its value is never read.
src/runtime/compiler/RuntimeBuilder.ts(7,27): error TS2307: Cannot find module '../parser/WodScript' or its corresponding type declarations.
src/runtime/compiler/strategies/__tests__/WorkoutRootStrategy.test.ts(32,35): error TS2339: Property 'compile' does not exist on type 'WorkoutRootStrategy'.
src/runtime/compiler/strategies/components/GenericGroupStrategy.ts(43,82): error TS2339: Property 'exerciseId' does not exist on type 'ICodeStatement'.
src/runtime/compiler/strategies/components/GenericGroupStrategy.ts(44,33): error TS2339: Property 'content' does not exist on type 'ICodeStatement'.
src/runtime/compiler/strategies/components/GenericLoopStrategy.ts(36,30): error TS2551: Property 'hasFragment' does not exist on type 'ICodeStatement'. Did you mean 'fragments'?
src/runtime/compiler/strategies/components/GenericLoopStrategy.ts(65,82): error TS2339: Property 'exerciseId' does not exist on type 'ICodeStatement'.
src/runtime/compiler/strategies/components/GenericTimerStrategy.ts(62,82): error TS2339: Property 'exerciseId' does not exist on type 'ICodeStatement'.
src/runtime/compiler/strategies/enhancements/ChildrenStrategy.ts(50,15): error TS6133: 'hasTimer' is declared but its value is never read.
src/runtime/compiler/strategies/enhancements/HistoryStrategy.ts(43,13): error TS6133: '_label' is declared but its value is never read.
src/runtime/compiler/strategies/IdleBlockStrategy.ts(130,21): error TS2322: Type 'string | undefined' is not assignable to type 'string'.
  Type 'undefined' is not assignable to type 'string'.
src/runtime/compiler/strategies/logic/AmrapLogicStrategy.ts(46,36): error TS2551: Property 'hasFragment' does not exist on type 'ICodeStatement'. Did you mean 'fragments'?
src/runtime/compiler/strategies/logic/AmrapLogicStrategy.ts(49,37): error TS2551: Property 'hasFragment' does not exist on type 'ICodeStatement'. Did you mean 'fragments'?
src/runtime/compiler/strategies/logic/AmrapLogicStrategy.ts(68,82): error TS2339: Property 'exerciseId' does not exist on type 'ICodeStatement'.
src/runtime/contracts/events/IEventHandler.ts(2,32): error TS2307: Cannot find module './IScriptRuntime' or its corresponding type declarations.
src/runtime/contracts/events/IEventHandler.ts(3,32): error TS2307: Cannot find module './IRuntimeAction' or its corresponding type declarations.
src/runtime/contracts/IDistributedFragments.ts(1,31): error TS2307: Cannot find module '../core/models/CodeFragment' or its corresponding type declarations.
src/runtime/contracts/IMemoryReference.ts(66,9): error TS2322: Type 'IMemorySubscription<T>[]' is not assignable to type 'readonly IMemorySubscription<unknown>[]'.
  Type 'IMemorySubscription<T>' is not assignable to type 'IMemorySubscription<unknown>'.
    Type 'unknown' is not assignable to type 'T'.
      'T' could be instantiated with an arbitrary type which could be unrelated to 'unknown'.
src/runtime/ExecutionContext.ts(34,14): error TS2420: Class 'ExecutionContext' incorrectly implements interface 'IScriptRuntime'.
  Property 'options' is missing in type 'ExecutionContext' but required in type 'IScriptRuntime'.
src/runtime/ExecutionContext.ts(106,55): error TS2345: Argument of type 'this' is not assignable to parameter of type 'IScriptRuntime'.
  Property 'options' is missing in type 'ExecutionContext' but required in type 'IScriptRuntime'.
src/runtime/ExecutionContext.ts(158,44): error TS2345: Argument of type 'this' is not assignable to parameter of type 'IScriptRuntime'.
  Property 'options' is missing in type 'ExecutionContext' but required in type 'IScriptRuntime'.
src/runtime/hooks/useTimerElapsed.ts(141,5): error TS4104: The type 'readonly TimeSpan[]' is 'readonly' and cannot be assigned to the mutable type 'TimeSpan[]'.
src/runtime/memory/__tests__/RuntimeStack.test.ts(4,1): error TS6133: 'StackEvent' is declared but its value is never read.
src/runtime/memory/DisplayFragmentMemory.ts(6,37): error TS6133: 'selectBestTier' is declared but its value is never read.
src/services/AnalyticsTransformer.test.ts(20,10): error TS2352: Conversion of type '{ id: number; outputType: OutputStatementType; timeSpan: TimeSpan; sourceBlockKey: string; stackLevel: number; fragments: ICodeFragment[]; hints: Set<...> | undefined; sourceStatementId: undefined; meta: { ...; }; isLeaf: true; }' to type 'IOutputStatement' may be a mistake because neither type sufficiently overlaps with the other. If this was intentional, convert the expression to 'unknown' first.
  Property 'children' is missing in type '{ id: number; outputType: OutputStatementType; timeSpan: TimeSpan; sourceBlockKey: string; stackLevel: number; fragments: ICodeFragment[]; hints: Set<...> | undefined; sourceStatementId: undefined; meta: { ...; }; isLeaf: true; }' but required in type 'IOutputStatement'.
src/services/AnalyticsTransformer.ts(3,1): error TS6133: 'hashCode' is declared but its value is never read.
src/services/cast/CastManager.ts(5,5): error TS6133: 'CastMessageType' is declared but its value is never read.
src/services/cast/CastManager.ts(10,5): error TS6133: 'WorkoutDefinition' is declared but its value is never read.
src/services/cast/CastManager.ts(11,5): error TS6133: 'SessionConfig' is declared but its value is never read.
src/services/cast/CastManager.ts(176,17): error TS2345: Argument of type 'unknown' is not assignable to parameter of type 'CastMessage'.
src/services/ExecutionLogService.ts(13,11): error TS6133: 'currentRuntime' is declared but its value is never read.
src/services/ExerciseDefinitionService.test.ts(1,34): error TS6133: 'beforeEach' is declared but its value is never read.
src/services/storage/LocalStorageProvider.ts(4,7): error TS6133: 'DOC_PREFIX' is declared but its value is never read.
src/testing/components/SnapshotDiffViewer.tsx(2,30): error TS2307: Cannot find module '../TestableRuntime' or its corresponding type declarations.
src/testing/components/SnapshotDiffViewer.tsx(37,48): error TS7006: Parameter 'key' implicitly has an 'any' type.
src/testing/components/SnapshotDiffViewer.tsx(37,53): error TS7006: Parameter 'i' implicitly has an 'any' type.
src/testing/components/SnapshotDiffViewer.tsx(65,46): error TS7006: Parameter 'entry' implicitly has an 'any' type.
src/testing/components/SnapshotDiffViewer.tsx(71,51): error TS7006: Parameter 'm' implicitly has an 'any' type.
src/testing/components/SnapshotDiffViewer.tsx(111,47): error TS7006: Parameter 'key' implicitly has an 'any' type.
src/testing/components/SnapshotDiffViewer.tsx(111,52): error TS7006: Parameter 'i' implicitly has an 'any' type.
src/testing/components/SnapshotDiffViewer.tsx(139,45): error TS7006: Parameter 'entry' implicitly has an 'any' type.
src/testing/components/SnapshotDiffViewer.tsx(145,51): error TS7006: Parameter 'm' implicitly has an 'any' type.
src/testing/components/SnapshotDiffViewer.tsx(253,24): error TS7006: Parameter 'mod' implicitly has an 'any' type.
src/testing/components/SnapshotDiffViewer.tsx(253,29): error TS7006: Parameter 'i' implicitly has an 'any' type.
src/testing/harness/__tests__/MockJitCompiler.test.ts(24,43): error TS2322: Type 'CodeMetadata | { line: number; column: number; offset: number; length: number; }' is not assignable to type 'CodeMetadata'.
  Object literal may only specify known properties, and 'column' does not exist in type 'CodeMetadata'.
src/testing/harness/__tests__/MockJitCompiler.test.ts(37,3): error TS2416: Property 'origin' in type 'TestFragment' is not assignable to the same property in base type 'ICodeFragment'.
  Type '"parser" | "behavior" | "strategy"' is not assignable to type 'FragmentOrigin | undefined'.
    Type '"behavior"' is not assignable to type 'FragmentOrigin | undefined'.
src/testing/harness/__tests__/MockJitCompiler.test.ts(69,24): error TS2739: Type 'TestStatement' is missing the following properties from type 'CodeStatement': getDisplayFragments, getFragment, getAllFragmentsByType, rawFragments
src/testing/harness/__tests__/MockJitCompiler.test.ts(70,24): error TS2739: Type 'TestStatement' is missing the following properties from type 'CodeStatement': getDisplayFragments, getFragment, getAllFragmentsByType, rawFragments
src/testing/harness/__tests__/MockJitCompiler.test.ts(82,24): error TS2739: Type 'TestStatement' is missing the following properties from type 'CodeStatement': getDisplayFragments, getFragment, getAllFragmentsByType, rawFragments
src/testing/harness/__tests__/MockJitCompiler.test.ts(83,24): error TS2739: Type 'TestStatement' is missing the following properties from type 'CodeStatement': getDisplayFragments, getFragment, getAllFragmentsByType, rawFragments
src/testing/harness/__tests__/MockJitCompiler.test.ts(97,24): error TS2739: Type 'TestStatement' is missing the following properties from type 'CodeStatement': getDisplayFragments, getFragment, getAllFragmentsByType, rawFragments
src/testing/harness/__tests__/MockJitCompiler.test.ts(108,50): error TS2345: Argument of type '"timer"' is not assignable to parameter of type 'FragmentType'.
src/testing/harness/__tests__/MockJitCompiler.test.ts(114,21): error TS2741: Property 'type' is missing in type 'TestFragment' but required in type 'ICodeFragment'.
src/testing/harness/__tests__/MockJitCompiler.test.ts(114,38): error TS2345: Argument of type '"timer"' is not assignable to parameter of type 'FragmentType'.
src/testing/harness/__tests__/MockJitCompiler.test.ts(117,39): error TS2739: Type 'TestStatement' is missing the following properties from type 'CodeStatement': getDisplayFragments, getFragment, getAllFragmentsByType, rawFragments
src/testing/harness/__tests__/MockJitCompiler.test.ts(142,39): error TS2739: Type 'TestStatement' is missing the following properties from type 'CodeStatement': getDisplayFragments, getFragment, getAllFragmentsByType, rawFragments
src/testing/harness/__tests__/MockJitCompiler.test.ts(158,24): error TS2739: Type 'TestStatement' is missing the following properties from type 'CodeStatement': getDisplayFragments, getFragment, getAllFragmentsByType, rawFragments
src/testing/harness/__tests__/MockJitCompiler.test.ts(174,21): error TS2741: Property 'type' is missing in type 'TestFragment' but required in type 'ICodeFragment'.
src/testing/harness/__tests__/MockJitCompiler.test.ts(174,38): error TS2345: Argument of type '"timer"' is not assignable to parameter of type 'FragmentType'.
src/testing/harness/__tests__/MockJitCompiler.test.ts(177,39): error TS2739: Type 'TestStatement' is missing the following properties from type 'CodeStatement': getDisplayFragments, getFragment, getAllFragmentsByType, rawFragments
src/testing/harness/__tests__/MockJitCompiler.test.ts(191,21): error TS2741: Property 'type' is missing in type 'TestFragment' but required in type 'ICodeFragment'.
src/testing/harness/__tests__/MockJitCompiler.test.ts(191,38): error TS2345: Argument of type '"timer"' is not assignable to parameter of type 'FragmentType'.
src/testing/harness/__tests__/MockJitCompiler.test.ts(194,39): error TS2739: Type 'TestStatement' is missing the following properties from type 'CodeStatement': getDisplayFragments, getFragment, getAllFragmentsByType, rawFragments
src/testing/harness/__tests__/MockJitCompiler.test.ts(206,39): error TS2739: Type 'TestStatement' is missing the following properties from type 'CodeStatement': getDisplayFragments, getFragment, getAllFragmentsByType, rawFragments
src/testing/harness/__tests__/MockJitCompiler.test.ts(246,24): error TS2739: Type 'TestStatement' is missing the following properties from type 'CodeStatement': getDisplayFragments, getFragment, getAllFragmentsByType, rawFragments
src/testing/harness/__tests__/MockJitCompiler.test.ts(280,24): error TS2739: Type 'TestStatement' is missing the following properties from type 'CodeStatement': getDisplayFragments, getFragment, getAllFragmentsByType, rawFragments
src/testing/harness/__tests__/MockJitCompiler.test.ts(281,24): error TS2739: Type 'TestStatement' is missing the following properties from type 'CodeStatement': getDisplayFragments, getFragment, getAllFragmentsByType, rawFragments
src/testing/harness/__tests__/MockJitCompiler.test.ts(292,24): error TS2739: Type 'TestStatement' is missing the following properties from type 'CodeStatement': getDisplayFragments, getFragment, getAllFragmentsByType, rawFragments
src/testing/harness/__tests__/MockJitCompiler.test.ts(292,36): error TS2739: Type 'TestStatement' is missing the following properties from type 'CodeStatement': getDisplayFragments, getFragment, getAllFragmentsByType, rawFragments
src/testing/harness/__tests__/MockJitCompiler.test.ts(293,24): error TS2739: Type 'TestStatement' is missing the following properties from type 'CodeStatement': getDisplayFragments, getFragment, getAllFragmentsByType, rawFragments
src/testing/harness/__tests__/MockJitCompiler.test.ts(307,24): error TS2739: Type 'TestStatement' is missing the following properties from type 'CodeStatement': getDisplayFragments, getFragment, getAllFragmentsByType, rawFragments
src/testing/harness/__tests__/MockJitCompiler.test.ts(321,24): error TS2739: Type 'TestStatement' is missing the following properties from type 'CodeStatement': getDisplayFragments, getFragment, getAllFragmentsByType, rawFragments
src/testing/harness/__tests__/MockJitCompiler.test.ts(325,39): error TS2739: Type 'TestStatement' is missing the following properties from type 'CodeStatement': getDisplayFragments, getFragment, getAllFragmentsByType, rawFragments
src/testing/harness/MockBlock.ts(7,25): error TS6133: 'FragmentType' is declared but its value is never read.
src/testing/harness/MockBlock.ts(251,20): error TS2339: Property 'onPush' does not exist on type 'IRuntimeBehavior'.
src/testing/harness/MockBlock.ts(291,20): error TS2339: Property 'onPop' does not exist on type 'IRuntimeBehavior'.
src/testing/harness/RuntimeTestBuilder.ts(3,1): error TS6133: 'IScriptRuntime' is declared but its value is never read.
src/testing/harness/RuntimeTestBuilder.ts(60,13): error TS2353: Object literal may only specify known properties, and 'memory' does not exist in type 'ScriptRuntimeDependencies'.
src/testing/harness/RuntimeTestBuilder.ts(76,37): error TS2739: Type 'ICodeStatement' is missing the following properties from type 'CodeStatement': hasFragment, getDisplayFragments, getFragment, getAllFragmentsByType, rawFragments
src/testing/harness/WorkoutTestHarness.ts(114,37): error TS2739: Type 'ICodeStatement' is missing the following properties from type 'CodeStatement': hasFragment, getDisplayFragments, getFragment, getAllFragmentsByType, rawFragments
src/testing/harness/WorkoutTestHarness.ts(268,39): error TS2345: Argument of type 'readonly ICodeFragment[]' is not assignable to parameter of type 'ICodeFragment[]'.
  The type 'readonly ICodeFragment[]' is 'readonly' and cannot be assigned to the mutable type 'ICodeFragment[]'.
src/testing/index.ts(5,1): error TS2308: Module './harness' has already exported a member named 'RuntimeSnapshot'. Consider explicitly re-exporting to resolve the ambiguity.
src/testing/setup/AllocateTestMemoryAction.ts(46,13): error TS2339: Property 'memory' does not exist on type 'IScriptRuntime'.
src/testing/setup/SetEffortStateAction.ts(60,28): error TS2339: Property 'memory' does not exist on type 'IScriptRuntime'.
src/testing/setup/SetEffortStateAction.ts(68,38): error TS2339: Property 'memory' does not exist on type 'IScriptRuntime'.
src/testing/setup/SetEffortStateAction.ts(97,17): error TS2339: Property 'memory' does not exist on type 'IScriptRuntime'.
src/testing/setup/SetLoopIndexAction.ts(51,28): error TS2339: Property 'memory' does not exist on type 'IScriptRuntime'.
src/testing/setup/SetLoopIndexAction.ts(59,38): error TS2339: Property 'memory' does not exist on type 'IScriptRuntime'.
src/testing/setup/SetLoopIndexAction.ts(63,17): error TS2339: Property 'memory' does not exist on type 'IScriptRuntime'.
src/testing/setup/SetMemoryValueAction.ts(44,26): error TS2339: Property 'memory' does not exist on type 'IScriptRuntime'.
src/testing/setup/SetMemoryValueAction.ts(52,15): error TS2339: Property 'memory' does not exist on type 'IScriptRuntime'.
src/testing/setup/SetTimerStateAction.ts(60,26): error TS2339: Property 'memory' does not exist on type 'IScriptRuntime'.
src/testing/setup/SetTimerStateAction.ts(69,31): error TS2339: Property 'memory' does not exist on type 'IScriptRuntime'.
src/testing/setup/SetTimerStateAction.ts(79,36): error TS2339: Property 'memory' does not exist on type 'IScriptRuntime'.
src/testing/setup/SetTimerStateAction.ts(105,15): error TS2339: Property 'memory' does not exist on type 'IScriptRuntime'.
src/testing/testable/TestableRuntime.ts(200,14): error TS2420: Class 'TestableRuntime' incorrectly implements interface 'IScriptRuntime'.
  Property 'options' is missing in type 'TestableRuntime' but required in type 'IScriptRuntime'.
src/testing/testable/TestableRuntime.ts(561,20): error TS2345: Argument of type 'this' is not assignable to parameter of type 'IScriptRuntime'.
  Property 'options' is missing in type 'TestableRuntime' but required in type 'IScriptRuntime'.
src/testing/testable/TestableRuntime.ts(619,40): error TS2345: Argument of type 'this' is not assignable to parameter of type 'IScriptRuntime'.
  Property 'options' is missing in type 'TestableRuntime' but required in type 'IScriptRuntime'.
src/testing/testable/TestableRuntime.ts(622,19): error TS2345: Argument of type 'this' is not assignable to parameter of type 'IScriptRuntime'.
  Property 'options' is missing in type 'TestableRuntime' but required in type 'IScriptRuntime'.
src/testing/testable/TestableRuntime.ts(676,40): error TS2345: Argument of type 'this' is not assignable to parameter of type 'IScriptRuntime'.
  Property 'options' is missing in type 'TestableRuntime' but required in type 'IScriptRuntime'.
src/testing/testable/TestableRuntime.ts(679,19): error TS2345: Argument of type 'this' is not assignable to parameter of type 'IScriptRuntime'.
  Property 'options' is missing in type 'TestableRuntime' but required in type 'IScriptRuntime'.
src/timeline/analytics/analytics/AnalysisService.test.ts(14,3): error TS2416: Property 'calculateFromFragments' in type 'MockProjectionEngine' is not assignable to the same property in base type 'IProjectionEngine'.
  Type '(_fragments: ICodeFragment[], _exerciseId: string, _definition: Exercise) => { name: string; value: number; unit: string; timeSpan: { start: Date; stop: Date; }; }[]' is not assignable to type '(fragments: ICodeFragment[], exerciseId: string, definition: Exercise) => ProjectionResult[]'.
    Type '{ name: string; value: number; unit: string; timeSpan: { start: Date; stop: Date; }; }[]' is not assignable to type 'ProjectionResult[]'.
      Type '{ name: string; value: number; unit: string; timeSpan: { start: Date; stop: Date; }; }' is not assignable to type 'ProjectionResult'.
        Types of property 'timeSpan' are incompatible.
          Type '{ start: Date; stop: Date; }' is missing the following properties from type 'TimeSpan': started, duration, isOpen, startDate, endDate
src/timeline/analytics/analytics/AnalysisService.test.ts(50,30): error TS2345: Argument of type 'MockProjectionEngine' is not assignable to parameter of type 'IProjectionEngine'.
  The types returned by 'calculateFromFragments(...)' are incompatible between these types.
    Type '{ name: string; value: number; unit: string; timeSpan: { start: Date; stop: Date; }; }[]' is not assignable to type 'ProjectionResult[]'.
      Type '{ name: string; value: number; unit: string; timeSpan: { start: Date; stop: Date; }; }' is not assignable to type 'ProjectionResult'.
        Types of property 'timeSpan' are incompatible.
          Type '{ start: Date; stop: Date; }' is missing the following properties from type 'TimeSpan': started, duration, isOpen, startDate, endDate
src/timeline/analytics/analytics/AnalysisService.test.ts(54,31): error TS2769: No overload matches this call.
  Overload 1 of 2, '(expected: IProjectionEngine): void', gave the following error.
    Argument of type 'MockProjectionEngine' is not assignable to parameter of type 'IProjectionEngine'.
      The types returned by 'calculateFromFragments(...)' are incompatible between these types.
        Type '{ name: string; value: number; unit: string; timeSpan: { start: Date; stop: Date; }; }[]' is not assignable to type 'ProjectionResult[]'.
          Type '{ name: string; value: number; unit: string; timeSpan: { start: Date; stop: Date; }; }' is not assignable to type 'ProjectionResult'.
            Types of property 'timeSpan' are incompatible.
              Type '{ start: Date; stop: Date; }' is missing the following properties from type 'TimeSpan': started, duration, isOpen, startDate, endDate
  Overload 2 of 2, '(expected: NoInfer<IProjectionEngine>): void', gave the following error.
    Argument of type 'MockProjectionEngine' is not assignable to parameter of type 'IProjectionEngine'.
      The types returned by 'calculateFromFragments(...)' are incompatible between these types.
        Type '{ name: string; value: number; unit: string; timeSpan: { start: Date; stop: Date; }; }[]' is not assignable to type 'ProjectionResult[]'.
          Type '{ name: string; value: number; unit: string; timeSpan: { start: Date; stop: Date; }; }' is not assignable to type 'ProjectionResult'.
            Types of property 'timeSpan' are incompatible.
              Type '{ start: Date; stop: Date; }' is missing the following properties from type 'TimeSpan': started, duration, isOpen, startDate, endDate
src/timeline/analytics/analytics/AnalysisService.test.ts(61,30): error TS2345: Argument of type 'MockProjectionEngine' is not assignable to parameter of type 'IProjectionEngine'.
  The types returned by 'calculateFromFragments(...)' are incompatible between these types.
    Type '{ name: string; value: number; unit: string; timeSpan: { start: Date; stop: Date; }; }[]' is not assignable to type 'ProjectionResult[]'.
      Type '{ name: string; value: number; unit: string; timeSpan: { start: Date; stop: Date; }; }' is not assignable to type 'ProjectionResult'.
        Types of property 'timeSpan' are incompatible.
          Type '{ start: Date; stop: Date; }' is missing the following properties from type 'TimeSpan': started, duration, isOpen, startDate, endDate
src/timeline/analytics/analytics/AnalysisService.test.ts(62,30): error TS2345: Argument of type 'MockProjectionEngine' is not assignable to parameter of type 'IProjectionEngine'.
  The types returned by 'calculateFromFragments(...)' are incompatible between these types.
    Type '{ name: string; value: number; unit: string; timeSpan: { start: Date; stop: Date; }; }[]' is not assignable to type 'ProjectionResult[]'.
      Type '{ name: string; value: number; unit: string; timeSpan: { start: Date; stop: Date; }; }' is not assignable to type 'ProjectionResult'.
        Types of property 'timeSpan' are incompatible.
          Type '{ start: Date; stop: Date; }' is missing the following properties from type 'TimeSpan': started, duration, isOpen, startDate, endDate
src/timeline/analytics/analytics/AnalysisService.test.ts(72,30): error TS2345: Argument of type 'MockProjectionEngine' is not assignable to parameter of type 'IProjectionEngine'.
  The types returned by 'calculateFromFragments(...)' are incompatible between these types.
    Type '{ name: string; value: number; unit: string; timeSpan: { start: Date; stop: Date; }; }[]' is not assignable to type 'ProjectionResult[]'.
      Type '{ name: string; value: number; unit: string; timeSpan: { start: Date; stop: Date; }; }' is not assignable to type 'ProjectionResult'.
        Types of property 'timeSpan' are incompatible.
          Type '{ start: Date; stop: Date; }' is missing the following properties from type 'TimeSpan': started, duration, isOpen, startDate, endDate
src/timeline/analytics/analytics/AnalysisService.test.ts(84,30): error TS2345: Argument of type 'MockProjectionEngine' is not assignable to parameter of type 'IProjectionEngine'.
  The types returned by 'calculateFromFragments(...)' are incompatible between these types.
    Type '{ name: string; value: number; unit: string; timeSpan: { start: Date; stop: Date; }; }[]' is not assignable to type 'ProjectionResult[]'.
      Type '{ name: string; value: number; unit: string; timeSpan: { start: Date; stop: Date; }; }' is not assignable to type 'ProjectionResult'.
        Types of property 'timeSpan' are incompatible.
          Type '{ start: Date; stop: Date; }' is missing the following properties from type 'TimeSpan': started, duration, isOpen, startDate, endDate
src/timeline/analytics/analytics/index.ts(9,10): error TS1205: Re-exporting a type when 'isolatedModules' is enabled requires using 'export type'.
src/timeline/analytics/analytics/index.ts(10,10): error TS1205: Re-exporting a type when 'isolatedModules' is enabled requires using 'export type'.
src/timeline/TimelineView.tsx(33,3): error TS6133: 'onSelectSegment' is declared but its value is never read.
stories/clock/index.ts(10,44): error TS2307: Cannot find module './CountdownTimers.stories' or its corresponding type declarations.
stories/clock/index.ts(11,42): error TS2307: Cannot find module './CountUpTimers.stories' or its corresponding type declarations.
stories/clock/index.ts(34,41): error TS2307: Cannot find module './TimerControl.stories' or its corresponding type declarations.
stories/parsing/Parser.tsx(3,32): error TS2307: Cannot find module '../../src/CodeStatement' or its corresponding type declarations.
stories/parsing/Parser.tsx(5,25): error TS2307: Cannot find module '../../src/WodScript' or its corresponding type declarations.
stories/parsing/Parser.tsx(55,46): error TS7006: Parameter 'statement' implicitly has an 'any' type.
stories/parsing/Parser.tsx(55,57): error TS7006: Parameter 'index' implicitly has an 'any' type.
stories/runtime/Crossfit.stories.tsx(3,1): error TS6133: 'React' is declared but its value is never read.
stories/runtime/Crossfit.stories.tsx(5,27): error TS2307: Cannot find module '../../wod/annie.md?raw' or its corresponding type declarations.
stories/runtime/Crossfit.stories.tsx(6,29): error TS2307: Cannot find module '../../wod/barbara.md?raw' or its corresponding type declarations.
stories/runtime/Crossfit.stories.tsx(7,29): error TS2307: Cannot find module '../../wod/chelsea.md?raw' or its corresponding type declarations.
stories/runtime/Crossfit.stories.tsx(8,27): error TS2307: Cannot find module '../../wod/cindy.md?raw' or its corresponding type declarations.
stories/runtime/Crossfit.stories.tsx(9,27): error TS2307: Cannot find module '../../wod/diane.md?raw' or its corresponding type declarations.
stories/runtime/Crossfit.stories.tsx(10,31): error TS2307: Cannot find module '../../wod/elizabeth.md?raw' or its corresponding type declarations.
stories/runtime/Crossfit.stories.tsx(11,26): error TS2307: Cannot find module '../../wod/fran.md?raw' or its corresponding type declarations.
stories/runtime/Crossfit.stories.tsx(12,27): error TS2307: Cannot find module '../../wod/grace.md?raw' or its corresponding type declarations.
stories/runtime/Crossfit.stories.tsx(13,27): error TS2307: Cannot find module '../../wod/helen.md?raw' or its corresponding type declarations.
stories/runtime/Crossfit.stories.tsx(14,28): error TS2307: Cannot find module '../../wod/isabel.md?raw' or its corresponding type declarations.
stories/runtime/Crossfit.stories.tsx(15,28): error TS2307: Cannot find module '../../wod/jackie.md?raw' or its corresponding type declarations.
stories/runtime/Crossfit.stories.tsx(16,27): error TS2307: Cannot find module '../../wod/karen.md?raw' or its corresponding type declarations.
stories/runtime/Crossfit.stories.tsx(17,27): error TS2307: Cannot find module '../../wod/linda.md?raw' or its corresponding type declarations.
stories/runtime/Crossfit.stories.tsx(18,26): error TS2307: Cannot find module '../../wod/mary.md?raw' or its corresponding type declarations.
stories/runtime/Crossfit.stories.tsx(19,27): error TS2307: Cannot find module '../../wod/nancy.md?raw' or its corresponding type declarations.
stories/runtime/DanJon.stories.tsx(4,25): error TS2307: Cannot find module '../../wod/abc.md?raw' or its corresponding type declarations.
stories/runtime/DanJon.stories.tsx(5,35): error TS2307: Cannot find module '../../wod/abc-single-bell.md?raw' or its corresponding type declarations.
stories/runtime/StrongFirst.stories.tsx(4,39): error TS2307: Cannot find module '../../wod/simple-and-sinister.md?raw' or its corresponding type declarations.
stories/runtime/StrongFirst.stories.tsx(5,32): error TS2307: Cannot find module '../../wod/kb-axe-heavy.md?raw' or its corresponding type declarations.
stories/runtime/StrongFirst.stories.tsx(6,31): error TS2307: Cannot find module '../../wod/kb-axe-lite.md?raw' or its corresponding type declarations.
stories/runtime/Swimming.stories.tsx(4,38): error TS2307: Cannot find module '../../wod/beginner-friendly-swimming.md?raw' or its corresponding type declarations.
tests/blocks/amrap_child_rotation_test.ts(7,1): error TS6192: All imports in import declaration are unused.
tests/blocks/amrap_child_rotation_test.ts(26,48): error TS2739: Type 'ICodeStatement' is missing the following properties from type 'CodeStatement': hasFragment, getDisplayFragments, getFragment, getAllFragmentsByType, rawFragments
tests/blocks/AmrapBlock.test.ts(33,12): error TS18046: 'timerMemory' is of type 'unknown'.
tests/blocks/AmrapBlock.test.ts(34,12): error TS18046: 'timerMemory' is of type 'unknown'.
tests/blocks/AmrapBlock.test.ts(35,12): error TS18046: 'timerMemory' is of type 'unknown'.
tests/blocks/EffortBlock.test.ts(32,12): error TS18046: 'timerMemory' is of type 'unknown'.
tests/blocks/for_time_child_single_pass_test.ts(47,48): error TS2739: Type 'ICodeStatement' is missing the following properties from type 'CodeStatement': hasFragment, getDisplayFragments, getFragment, getAllFragmentsByType, rawFragments
tests/blocks/IntervalBlock.test.ts(32,12): error TS18046: 'timerMemory' is of type 'unknown'.
tests/blocks/IntervalBlock.test.ts(33,12): error TS18046: 'timerMemory' is of type 'unknown'.
tests/blocks/root-block/RootBlock.integration.test.ts(118,16): error TS18048: 'rootBlock.executionTiming' is possibly 'undefined'.
tests/blocks/root-block/RootBlock.integration.test.ts(296,16): error TS18048: 'rootBlock.executionTiming' is possibly 'undefined'.
tests/blocks/root-block/RootBlock.integration.test.ts(302,16): error TS18048: 'rootBlock.executionTiming' is possibly 'undefined'.
tests/blocks/root-block/RootBlock.integration.test.ts(358,31): error TS2339: Property 'depth' does not exist on type 'RuntimeStack'.
tests/blocks/root-block/RootBlock.lifecycle.test.ts(6,5): error TS6133: 'TimerInitBehavior' is declared but its value is never read.
tests/blocks/root-block/RootBlock.lifecycle.test.ts(65,16): error TS18048: 'rootBlock.executionTiming' is possibly 'undefined'.
tests/blocks/root-block/RootBlock.lifecycle.test.ts(132,16): error TS18048: 'rootBlock.executionTiming' is possibly 'undefined'.
tests/blocks/root-block/RootBlock.lifecycle.test.ts(218,13): error TS2739: Type '{ now: Date; }' is missing the following properties from type 'IRuntimeClock': elapsed, isRunning, spans, start, stop
tests/blocks/root-block/RootBlock.lifecycle.test.ts(222,16): error TS18048: 'rootBlock.executionTiming' is possibly 'undefined'.
tests/blocks/TimerBlock.test.ts(29,12): error TS18046: 'timerMemory' is of type 'unknown'.
tests/blocks/TimerBlock.test.ts(30,12): error TS18046: 'timerMemory' is of type 'unknown'.
tests/blocks/TimerBlock.test.ts(31,12): error TS18046: 'timerMemory' is of type 'unknown'.
tests/blocks/TimerBlock.test.ts(46,12): error TS18046: 'timerMemory' is of type 'unknown'.
tests/blocks/TimerBlock.test.ts(47,12): error TS18046: 'timerMemory' is of type 'unknown'.
tests/harness/__tests__/MockBlock.test.ts(34,7): error TS2353: Object literal may only specify known properties, and 'onPush' does not exist in type 'IRuntimeBehavior'.
tests/harness/__tests__/MockBlock.test.ts(56,11): error TS2420: Class 'BehaviorA' incorrectly implements interface 'IRuntimeBehavior'.
  Type 'BehaviorA' is missing the following properties from type 'IRuntimeBehavior': onMount, onNext, onUnmount, onDispose
tests/harness/__tests__/MockBlock.test.ts(57,11): error TS2420: Class 'BehaviorB' incorrectly implements interface 'IRuntimeBehavior'.
  Type 'BehaviorB' is missing the following properties from type 'IRuntimeBehavior': onMount, onNext, onUnmount, onDispose
tests/harness/__tests__/MockBlock.test.ts(59,42): error TS2739: Type 'BehaviorA' is missing the following properties from type 'IRuntimeBehavior': onMount, onNext, onUnmount, onDispose
tests/harness/__tests__/MockBlock.test.ts(59,59): error TS2739: Type 'BehaviorB' is missing the following properties from type 'IRuntimeBehavior': onMount, onNext, onUnmount, onDispose
tests/harness/__tests__/MockBlock.test.ts(61,30): error TS2345: Argument of type 'typeof BehaviorA' is not assignable to parameter of type 'new (...args: any[]) => IRuntimeBehavior'.
  Type 'BehaviorA' is missing the following properties from type 'IRuntimeBehavior': onMount, onNext, onUnmount, onDispose
tests/harness/__tests__/MockBlock.test.ts(62,30): error TS2345: Argument of type 'typeof BehaviorB' is not assignable to parameter of type 'new (...args: any[]) => IRuntimeBehavior'.
  Type 'BehaviorB' is missing the following properties from type 'IRuntimeBehavior': onMount, onNext, onUnmount, onDispose
tests/harness/__tests__/MockBlock.test.ts(63,36): error TS2345: Argument of type 'typeof Missing' is not assignable to parameter of type 'new (...args: any[]) => IRuntimeBehavior'.
  Type 'Missing' is missing the following properties from type 'IRuntimeBehavior': onMount, onNext, onUnmount, onDispose
tests/harness/__tests__/RuntimeTestBuilder.test.ts(4,1): error TS6133: 'MockBlock' is declared but its value is never read.
tests/harness/__tests__/RuntimeTestBuilder.test.ts(5,30): error TS2307: Cannot find module '@/runtime/BlockBuilder' or its corresponding type declarations.
tests/harness/__tests__/RuntimeTestBuilder.test.ts(13,32): error TS6133: 'statements' is declared but its value is never read.
tests/helpers/test-utils.ts(2,32): error TS2307: Cannot find module '../../src/runtime/IScriptRuntime' or its corresponding type declarations.
tests/helpers/test-utils.ts(3,31): error TS2307: Cannot find module '../../src/runtime/IRuntimeBlock' or its corresponding type declarations.
tests/helpers/test-utils.ts(4,24): error TS2307: Cannot find module '../../src/runtime/IEvent' or its corresponding type declarations.
tests/helpers/test-utils.ts(5,1): error TS6133: 'IRuntimeAction' is declared but its value is never read.
tests/helpers/test-utils.ts(5,32): error TS2307: Cannot find module '../../src/runtime/IRuntimeAction' or its corresponding type declarations.
tests/helpers/test-utils.ts(73,20): error TS6133: 'event' is declared but its value is never read.
tests/lifecycle/ClockPropagation.test.ts(2,25): error TS6133: 'createMockClock' is declared but its value is never read.
tests/lifecycle/ClockPropagation.test.ts(12,7): error TS2420: Class 'ClockCaptureBehavior' incorrectly implements interface 'IRuntimeBehavior'.
  Property 'onDispose' is missing in type 'ClockCaptureBehavior' but required in type 'IRuntimeBehavior'.
tests/lifecycle/ClockPropagation.test.ts(48,56): error TS2741: Property 'onDispose' is missing in type 'ClockCaptureBehavior' but required in type 'IRuntimeBehavior'.
tests/lifecycle/ClockPropagation.test.ts(61,56): error TS2741: Property 'onDispose' is missing in type 'ClockCaptureBehavior' but required in type 'IRuntimeBehavior'.
tests/lifecycle/ClockPropagation.test.ts(79,56): error TS2741: Property 'onDispose' is missing in type 'ClockCaptureBehavior' but required in type 'IRuntimeBehavior'.
tests/lifecycle/ClockPropagation.test.ts(96,56): error TS2741: Property 'onDispose' is missing in type 'ClockCaptureBehavior' but required in type 'IRuntimeBehavior'.
tests/lifecycle/ClockPropagation.test.ts(120,56): error TS2741: Property 'onDispose' is missing in type 'ClockCaptureBehavior' but required in type 'IRuntimeBehavior'.
tests/lifecycle/ClockPropagation.test.ts(138,56): error TS2741: Property 'onDispose' is missing in type 'ClockCaptureBehavior' but required in type 'IRuntimeBehavior'.
tests/lifecycle/LifecyclePhases.test.ts(4,1): error TS6133: 'IRuntimeAction' is declared but its value is never read.
tests/lifecycle/LifecyclePhases.test.ts(5,1): error TS6133: 'IScriptRuntime' is declared but its value is never read.
tests/lifecycle/LifecyclePhases.test.ts(6,1): error TS6133: 'BlockLifecycleOptions' is declared but its value is never read.
tests/lifecycle/LifecyclePhases.test.ts(40,56): error TS2739: Type 'LifecycleSpyBehavior' is missing the following properties from type 'IRuntimeBehavior': onMount, onUnmount, onDispose
tests/lifecycle/LifecyclePhases.test.ts(50,56): error TS2739: Type 'LifecycleSpyBehavior' is missing the following properties from type 'IRuntimeBehavior': onMount, onUnmount, onDispose
tests/lifecycle/LifecyclePhases.test.ts(61,56): error TS2739: Type 'LifecycleSpyBehavior' is missing the following properties from type 'IRuntimeBehavior': onMount, onUnmount, onDispose
tests/lifecycle/MountBehavior.test.ts(36,16): error TS18046: 'timerMemory' is of type 'unknown'.
tests/lifecycle/MountBehavior.test.ts(37,16): error TS18046: 'timerMemory' is of type 'unknown'.
tests/lifecycle/NextBehavior.test.ts(7,5): error TS2416: Property 'onNext' in type 'TriggerCompleteBehavior' is not assignable to the same property in base type 'IRuntimeBehavior'.
  Type '(block: IRuntimeBlock, _clock: IRuntimeClock) => IRuntimeAction[]' is not assignable to type '(ctx: IBehaviorContext) => IRuntimeAction[]'.
    Target signature provides too few arguments. Expected 2 or more, but got 1.
tests/lifecycle/NextBehavior.test.ts(27,51): error TS2739: Type 'TriggerCompleteBehavior' is missing the following properties from type 'IRuntimeBehavior': onMount, onUnmount, onDispose
tests/setup.ts(40,1): error TS2322: Type 'Mock<(...args: any[]) => any>' is not assignable to type '{ new (callback: ResizeObserverCallback): ResizeObserver; prototype: ResizeObserver; }'.
  Type 'Mock<(...args: any[]) => any>' provides no match for the signature 'new (callback: ResizeObserverCallback): ResizeObserver'.
tests/setup.ts(47,1): error TS2322: Type 'Mock<(...args: any[]) => any>' is not assignable to type '{ new (callback: IntersectionObserverCallback, options?: IntersectionObserverInit | undefined): IntersectionObserver; prototype: IntersectionObserver; }'.
  Type 'Mock<(...args: any[]) => any>' provides no match for the signature 'new (callback: IntersectionObserverCallback, options?: IntersectionObserverInit | undefined): IntersectionObserver'.
tests/strategies/IntervalLogicStrategy.test.ts(1,32): error TS6133: 'beforeEach' is declared but its value is never read.
